<?xml version="1.0" encoding="UTF-8"?>
<!-- Generated by org.testng.reporters.JUnitReportReporter -->
<testsuite skipped="0" hostname="LAPTOP-TEFCBM5F" name="Toolsqa.ToolsqaTesting.TestNgGroupss" tests="3" failures="0" timestamp="2021-05-15T11:54:23 IST" time="0.009" errors="0">
  <testcase name="Testt1" time="0.007" classname="Toolsqa.ToolsqaTesting.TestNgGroupss"/>
  <system-out/>
  <testcase name="Testt2" time="0.001" classname="Toolsqa.ToolsqaTesting.TestNgGroupss"/>
  <system-out/>
  <testcase name="Testt3" time="0.001" classname="Toolsqa.ToolsqaTesting.TestNgGroupss"/>
  <system-out/>
</testsuite> <!-- Toolsqa.ToolsqaTesting.TestNgGroupss -->
