<?xml version="1.0" encoding="UTF-8"?>
<!-- Generated by org.testng.reporters.JUnitReportReporter -->
<testsuite skipped="1" hostname="LAPTOP-TEFCBM5F" name="Toolsqa.ToolsqaTesting.TestNgAnnatation" tests="3" failures="0" timestamp="2021-05-15T11:41:20 IST" time="0.022" errors="0">
  <testcase name="Testt2" time="0.020" classname="Toolsqa.ToolsqaTesting.TestNgAnnatation"/>
  <system-out/>
  <testcase name="Testt3" time="0.002" classname="Toolsqa.ToolsqaTesting.TestNgAnnatation"/>
  <system-out/>
  <testcase name="Testt1" classname="Toolsqa.ToolsqaTesting.TestNgAnnatation">
    <skipped/>
  </testcase> <!-- Testt1 -->
  <system-out/>
</testsuite> <!-- Toolsqa.ToolsqaTesting.TestNgAnnatation -->
